
                  @@@@@@@                             @@@@ @  
                    @@   @@                         @@    @@  
                    @@    @@                       @@      @  
                    @@    @@     @@@       @@@    @@          
                    @@   @@    @@   @@   @@   @@  @@          
                    @@@@@@    @@     @@ @@     @@ @@     @@@@@
                    @@    @@  @@     @@ @@     @@ @@     @ @@ 
                    @@     @@ @@     @@ @@     @@ @@    @  @@ 
                    @@     @@ @@     @@ @@     @@  @@      @@ 
                    @@    @@   @@   @@   @@   @@    @@    @@  
                  @@@@@@@@       @@@       @@@        @@@@    

                         Binding and Optimizing On Gates

             Alliance CAD System 5.0 20090901, boog 5.0 [2003/01/09]
             Copyright (c) 2000-2019,                 ASIM/LIP6/UPMC
             Author(s):                              François Donnet
             E-mail        :             alliance-users@asim.lip6.fr

        MBK_VDD        : vdd
        MBK_VSS        : vss
        MBK_IN_LO      : vst
        MBK_OUT_LO     : vst
        MBK_WORK_LIB   : .
        MBK_TARGET_LIB : /usr/lib64/alliance/cells/sxlib

Reading parameter file 'paramfile.lax'...
50% area - 50% delay optimization
Reading file 'sdeto_b.vbe'...
Controlling file 'paramfile.lax'...
Controlling file 'sdeto_b.vbe'...
Reading lib '/usr/lib64/alliance/cells/sxlib'...
Controlling lib '/usr/lib64/alliance/cells/sxlib'...
Preparing file 'sdeto_b.vbe'...
Capacitances on file 'sdeto_b.vbe'...
Unflattening file 'sdeto_b.vbe'...
Mapping file 'sdeto_b.vbe'...
Saving file 'sdeto_b.vst'...
Quick estimated critical path (no warranty)...1989 ps from 'dacs_cs 4' to 'dacs_cs 0'
Quick estimated area (with over-cell routing)...90750 lambda²
Details...
	inv_x2: 10
	sff1_x4: 8
	no3_x1: 6
	no2_x1: 6
	a2_x2: 5
	na4_x1: 5
	na2_x1: 5
	ao22_x2: 2
	oa22_x2: 1
	oa2ao222_x2: 1
	nao2o22_x1: 1
	o4_x2: 1
	noa22_x1: 1
	a4_x2: 1
	on12_x1: 1
	Total: 54
Saving delay gradient in xsch color file 'sdeto_b.xsc'...
End of boog...

