
                  @@@@@@@                             @@@@ @  
                    @@   @@                         @@    @@  
                    @@    @@                       @@      @  
                    @@    @@     @@@       @@@    @@          
                    @@   @@    @@   @@   @@   @@  @@          
                    @@@@@@    @@     @@ @@     @@ @@     @@@@@
                    @@    @@  @@     @@ @@     @@ @@     @ @@ 
                    @@     @@ @@     @@ @@     @@ @@    @  @@ 
                    @@     @@ @@     @@ @@     @@  @@      @@ 
                    @@    @@   @@   @@   @@   @@    @@    @@  
                  @@@@@@@@       @@@       @@@        @@@@    

                         Binding and Optimizing On Gates

             Alliance CAD System 5.0 20090901, boog 5.0 [2003/01/09]
             Copyright (c) 2000-2019,                 ASIM/LIP6/UPMC
             Author(s):                              François Donnet
             E-mail        :             alliance-users@asim.lip6.fr

        MBK_VDD        : vdd
        MBK_VSS        : vss
        MBK_IN_LO      : vst
        MBK_OUT_LO     : vst
        MBK_WORK_LIB   : .
        MBK_TARGET_LIB : /usr/lib64/alliance/cells/sxlib

Reading parameter file 'paramfile.lax'...
50% area - 50% delay optimization
Reading file 'sdetr_b.vbe'...
Controlling file 'paramfile.lax'...
Controlling file 'sdetr_b.vbe'...
Reading lib '/usr/lib64/alliance/cells/sxlib'...
Controlling lib '/usr/lib64/alliance/cells/sxlib'...
Preparing file 'sdetr_b.vbe'...
Capacitances on file 'sdetr_b.vbe'...
Unflattening file 'sdetr_b.vbe'...
Mapping file 'sdetr_b.vbe'...
Saving file 'sdetr_b.vst'...
Adding signal 'not_code 1'
Quick estimated critical path (no warranty)...1776 ps from 'dacs_cs 1' to 'dacs_cs 2'
Quick estimated area (with over-cell routing)...77750 lambda²
Details...
	inv_x2: 8
	na2_x1: 6
	o2_x2: 5
	no4_x1: 4
	no2_x1: 4
	nao22_x1: 4
	na3_x1: 3
	no3_x1: 3
	sff1_x4: 3
	a2_x2: 3
	oa22_x2: 3
	noa22_x1: 2
	on12_x1: 2
	a4_x2: 2
	noa2ao222_x1: 1
	xr2_x1: 1
	an12_x1: 1
	Total: 55
Saving delay gradient in xsch color file 'sdetr_b.xsc'...
End of boog...

