
                   @@@@@@                          @@@    @@@
                     @@                             @@     @ 
                     @@                             @@@    @ 
                     @@           @@@       @@@     @ @@   @ 
                     @@         @@   @@   @@   @@   @ @@   @ 
                     @@        @@     @@ @@     @@  @  @@  @ 
                     @@        @@     @@ @@     @@  @   @@ @ 
                     @@        @@     @@ @@     @@  @   @@ @ 
                     @@      @ @@     @@ @@     @@  @    @@@ 
                     @@     @   @@   @@   @@   @@   @     @@ 
                   @@@@@@@@@@     @@@       @@@    @@@    @@ 

                           Local optimization on Nets

             Alliance CAD System 5.0 20090901, loon 5.0 [2003/12/07]
             Copyright (c) 2000-2019,                 ASIM/LIP6/UPMC
             Author(s):                              François Donnet
             E-mail        :             alliance-users@asim.lip6.fr

	MBK_IN_LO	: vst
	MBK_OUT_LO	: vst
	MBK_TARGET_LIB	: /usr/lib64/alliance/cells/sxlib

Reading parameter file 'paramfile.lax'...
50% area - 50% delay optimization
Reading file 'sdeta_b.vst'...
Controlling file 'paramfile.lax'...
Reading lib '/usr/lib64/alliance/cells/sxlib'...
Capacitances on file 'sdeta_b.vst'...
Delays on file 'sdeta_b.vst'...2387 ps
Area on file 'sdeta_b.vst'...64250 lamda² (with over-cell routing)
Details...
	inv_x2: 8 (9%)
	na2_x1: 6 (9%)
	o3_x2: 4 (9%)
	no3_x1: 4 (7%)
	na3_x1: 3 (5%)
	sff1_x4: 3 (21%)
	nao22_x1: 3 (7%)
	no2_x1: 3 (4%)
	a2_x2: 3 (5%)
	on12_x1: 2 (3%)
	no4_x1: 2 (4%)
	oa22_x2: 1 (2%)
	nmx2_x1: 1 (2%)
	ao22_x2: 1 (2%)
	an12_x1: 1 (1%)
	o2_x2: 1 (1%)
	Total: 46
Worst RC on file 'sdeta_b.vst'...491 ps
Inserting buffers on critical path for file 'sdeta_b_l.vst'...3 buffers inserted -> 2310 ps
Improving RC on critical path for file 'sdeta_b_l.vst'...2237 ps
Improving all RC for file 'sdeta_b_l.vst'...
Worst RC on file 'sdeta_b_l.vst'...328 ps
Area on file 'sdeta_b_l.vst'...68750 lamda² (with over-cell routing)
Details...
	inv_x2: 7 (7%)
	na2_x1: 6 (8%)
	o3_x2: 4 (8%)
	no3_x1: 4 (7%)
	na3_x1: 3 (5%)
	sff1_x4: 3 (19%)
	nao22_x1: 3 (6%)
	no2_x1: 3 (4%)
	a2_x2: 3 (5%)
	buf_x2: 2 (2%)
	on12_x1: 2 (3%)
	buf_x4: 1 (1%)
	no4_x4: 1 (3%)
	oa22_x2: 1 (2%)
	nmx2_x1: 1 (2%)
	ao22_x2: 1 (2%)
	no4_x1: 1 (2%)
	an12_x1: 1 (1%)
	inv_x4: 1 (1%)
	o2_x2: 1 (1%)
	Total: 49
Critical path (no warranty)...2237 ps from 'dacs_cs 0' to 'dacs_cs_2_ins'
Saving file 'sdeta_b_l.vst'...
Saving delay gradient in xsch color file 'sdeta_b_l.xsc'...
End of loon...

