
                   @@@@@@                          @@@    @@@
                     @@                             @@     @ 
                     @@                             @@@    @ 
                     @@           @@@       @@@     @ @@   @ 
                     @@         @@   @@   @@   @@   @ @@   @ 
                     @@        @@     @@ @@     @@  @  @@  @ 
                     @@        @@     @@ @@     @@  @   @@ @ 
                     @@        @@     @@ @@     @@  @   @@ @ 
                     @@      @ @@     @@ @@     @@  @    @@@ 
                     @@     @   @@   @@   @@   @@   @     @@ 
                   @@@@@@@@@@     @@@       @@@    @@@    @@ 

                           Local optimization on Nets

             Alliance CAD System 5.0 20090901, loon 5.0 [2003/12/07]
             Copyright (c) 2000-2019,                 ASIM/LIP6/UPMC
             Author(s):                              François Donnet
             E-mail        :             alliance-users@asim.lip6.fr

	MBK_IN_LO	: vst
	MBK_OUT_LO	: vst
	MBK_TARGET_LIB	: /usr/lib64/alliance/cells/sxlib

Reading parameter file 'paramfile.lax'...
50% area - 50% delay optimization
Reading file 'sdetm_b.vst'...
Controlling file 'paramfile.lax'...
Reading lib '/usr/lib64/alliance/cells/sxlib'...
Capacitances on file 'sdetm_b.vst'...
Delays on file 'sdetm_b.vst'...1953 ps
Area on file 'sdetm_b.vst'...65750 lamda² (with over-cell routing)
Details...
	inv_x2: 12 (13%)
	na3_x1: 7 (13%)
	o2_x2: 5 (9%)
	na4_x1: 3 (6%)
	no3_x1: 3 (5%)
	sff1_x4: 3 (20%)
	on12_x1: 2 (3%)
	nao22_x1: 2 (4%)
	ao22_x2: 2 (4%)
	no4_x1: 2 (4%)
	na2_x1: 1 (1%)
	nxr2_x1: 1 (3%)
	no2_x1: 1 (1%)
	o3_x2: 1 (2%)
	an12_x1: 1 (1%)
	oa22_x2: 1 (2%)
	Total: 47
Worst RC on file 'sdetm_b.vst'...416 ps
Inserting buffers on critical path for file 'sdetm_b_l.vst'...1 buffer inserted -> 1936 ps
Improving RC on critical path for file 'sdetm_b_l.vst'...1936 ps
Improving all RC for file 'sdetm_b_l.vst'...
Worst RC on file 'sdetm_b_l.vst'...416 ps
Area on file 'sdetm_b_l.vst'...66750 lamda² (with over-cell routing)
Details...
	inv_x2: 11 (12%)
	na3_x1: 7 (13%)
	o2_x2: 5 (9%)
	na4_x1: 3 (6%)
	no3_x1: 3 (5%)
	sff1_x4: 3 (20%)
	on12_x1: 2 (3%)
	nao22_x1: 2 (4%)
	ao22_x2: 2 (4%)
	no4_x1: 2 (4%)
	buf_x2: 1 (1%)
	inv_x1: 1 (1%)
	na2_x1: 1 (1%)
	nxr2_x1: 1 (3%)
	no2_x1: 1 (1%)
	o3_x2: 1 (2%)
	an12_x1: 1 (1%)
	oa22_x2: 1 (2%)
	Total: 48
Critical path (no warranty)...1936 ps from 'code 3' to 'dacs_cs_2_ins'
Saving file 'sdetm_b_l.vst'...
Saving delay gradient in xsch color file 'sdetm_b_l.xsc'...
End of loon...

