
                   @@@@@@                          @@@    @@@
                     @@                             @@     @ 
                     @@                             @@@    @ 
                     @@           @@@       @@@     @ @@   @ 
                     @@         @@   @@   @@   @@   @ @@   @ 
                     @@        @@     @@ @@     @@  @  @@  @ 
                     @@        @@     @@ @@     @@  @   @@ @ 
                     @@        @@     @@ @@     @@  @   @@ @ 
                     @@      @ @@     @@ @@     @@  @    @@@ 
                     @@     @   @@   @@   @@   @@   @     @@ 
                   @@@@@@@@@@     @@@       @@@    @@@    @@ 

                           Local optimization on Nets

             Alliance CAD System 5.0 20090901, loon 5.0 [2003/12/07]
             Copyright (c) 2000-2019,                 ASIM/LIP6/UPMC
             Author(s):                              François Donnet
             E-mail        :             alliance-users@asim.lip6.fr

	MBK_IN_LO	: vst
	MBK_OUT_LO	: vst
	MBK_TARGET_LIB	: /usr/lib64/alliance/cells/sxlib

Reading parameter file 'paramfile.lax'...
50% area - 50% delay optimization
Reading file 'sdeto_b.vst'...
Controlling file 'paramfile.lax'...
Reading lib '/usr/lib64/alliance/cells/sxlib'...
Capacitances on file 'sdeto_b.vst'...
Delays on file 'sdeto_b.vst'...2661 ps
Area on file 'sdeto_b.vst'...90750 lamda² (with over-cell routing)
Details...
	inv_x2: 10 (8%)
	sff1_x4: 8 (39%)
	no3_x1: 6 (8%)
	no2_x1: 6 (6%)
	a2_x2: 5 (6%)
	na4_x1: 5 (8%)
	na2_x1: 5 (5%)
	ao22_x2: 2 (3%)
	oa22_x2: 1 (1%)
	oa2ao222_x2: 1 (2%)
	nao2o22_x1: 1 (1%)
	o4_x2: 1 (1%)
	noa22_x1: 1 (1%)
	a4_x2: 1 (1%)
	on12_x1: 1 (1%)
	Total: 54
Worst RC on file 'sdeto_b.vst'...170 ps
Inserting buffers on critical path for file 'sdeto_b_l.vst'...1 buffer inserted -> 2651 ps
Improving RC on critical path for file 'sdeto_b_l.vst'...2603 ps
Improving all RC for file 'sdeto_b_l.vst'...
Worst RC on file 'sdeto_b_l.vst'...170 ps
Area on file 'sdeto_b_l.vst'...91750 lamda² (with over-cell routing)
Details...
	inv_x2: 10 (8%)
	sff1_x4: 8 (39%)
	no3_x1: 6 (8%)
	no2_x1: 6 (6%)
	a2_x2: 5 (6%)
	na4_x1: 5 (8%)
	na2_x1: 5 (5%)
	ao22_x2: 2 (3%)
	buf_x2: 1 (1%)
	oa22_x2: 1 (1%)
	oa2ao222_x2: 1 (2%)
	nao2o22_x1: 1 (1%)
	o4_x2: 1 (1%)
	noa22_x1: 1 (1%)
	a4_x2: 1 (1%)
	on12_x1: 1 (1%)
	Total: 55
Critical path (no warranty)...2603 ps from 'dacs_cs 4' to 'dacs_cs_0_ins'
Saving file 'sdeto_b_l.vst'...
Saving delay gradient in xsch color file 'sdeto_b_l.xsc'...
End of loon...

