
                  @@@@@@@                             @@@@ @  
                    @@   @@                         @@    @@  
                    @@    @@                       @@      @  
                    @@    @@     @@@       @@@    @@          
                    @@   @@    @@   @@   @@   @@  @@          
                    @@@@@@    @@     @@ @@     @@ @@     @@@@@
                    @@    @@  @@     @@ @@     @@ @@     @ @@ 
                    @@     @@ @@     @@ @@     @@ @@    @  @@ 
                    @@     @@ @@     @@ @@     @@  @@      @@ 
                    @@    @@   @@   @@   @@   @@    @@    @@  
                  @@@@@@@@       @@@       @@@        @@@@    

                         Binding and Optimizing On Gates

             Alliance CAD System 5.0 20090901, boog 5.0 [2003/01/09]
             Copyright (c) 2000-2019,                 ASIM/LIP6/UPMC
             Author(s):                              François Donnet
             E-mail        :             alliance-users@asim.lip6.fr

        MBK_VDD        : vdd
        MBK_VSS        : vss
        MBK_IN_LO      : vst
        MBK_OUT_LO     : vst
        MBK_WORK_LIB   : .
        MBK_TARGET_LIB : /usr/lib64/alliance/cells/sxlib

Reading parameter file 'paramfile.lax'...
50% area - 50% delay optimization
Reading file 'sdetr.vbe'...
Controlling file 'paramfile.lax'...
Controlling file 'sdetr.vbe'...
Reading lib '/usr/lib64/alliance/cells/sxlib'...
Controlling lib '/usr/lib64/alliance/cells/sxlib'...
Preparing file 'sdetr.vbe'...
Capacitances on file 'sdetr.vbe'...
Unflattening file 'sdetr.vbe'...
Mapping file 'sdetr.vbe'...
Saving file 'sdetr.vst'...
Adding signal 'not_dacs_cs 1'
Quick estimated critical path (no warranty)...1904 ps from 'dacs_cs 0' to 'dacs_cs 1'
Quick estimated area (with over-cell routing)...90500 lambda²
Details...
	inv_x2: 9
	na4_x1: 7
	no3_x1: 7
	no2_x1: 4
	na3_x1: 4
	on12_x1: 4
	o4_x2: 4
	sff1_x4: 3
	a2_x2: 3
	no4_x1: 2
	a4_x2: 2
	a3_x2: 2
	na2_x1: 2
	oa2ao222_x2: 1
	oa22_x2: 1
	nao22_x1: 1
	noa22_x1: 1
	o2_x2: 1
	ao22_x2: 1
	noa2a2a2a24_x1: 1
	o3_x2: 1
	Total: 61
Saving delay gradient in xsch color file 'sdetr.xsc'...
End of boog...

