
                  @@@@@@@                             @@@@ @  
                    @@   @@                         @@    @@  
                    @@    @@                       @@      @  
                    @@    @@     @@@       @@@    @@          
                    @@   @@    @@   @@   @@   @@  @@          
                    @@@@@@    @@     @@ @@     @@ @@     @@@@@
                    @@    @@  @@     @@ @@     @@ @@     @ @@ 
                    @@     @@ @@     @@ @@     @@ @@    @  @@ 
                    @@     @@ @@     @@ @@     @@  @@      @@ 
                    @@    @@   @@   @@   @@   @@    @@    @@  
                  @@@@@@@@       @@@       @@@        @@@@    

                         Binding and Optimizing On Gates

             Alliance CAD System 5.0 20090901, boog 5.0 [2003/01/09]
             Copyright (c) 2000-2019,                 ASIM/LIP6/UPMC
             Author(s):                              François Donnet
             E-mail        :             alliance-users@asim.lip6.fr

        MBK_VDD        : vdd
        MBK_VSS        : vss
        MBK_IN_LO      : vst
        MBK_OUT_LO     : vst
        MBK_WORK_LIB   : .
        MBK_TARGET_LIB : /usr/lib64/alliance/cells/sxlib

Reading parameter file 'paramfile.lax'...
50% area - 50% delay optimization
Reading file 'sdetj.vbe'...
Controlling file 'paramfile.lax'...
Controlling file 'sdetj.vbe'...
Reading lib '/usr/lib64/alliance/cells/sxlib'...
Controlling lib '/usr/lib64/alliance/cells/sxlib'...
Preparing file 'sdetj.vbe'...
Capacitances on file 'sdetj.vbe'...
Unflattening file 'sdetj.vbe'...
Mapping file 'sdetj.vbe'...
Saving file 'sdetj.vst'...
Quick estimated critical path (no warranty)...2014 ps from 'dacs_cs 1' to 'dacs_cs 1'
Quick estimated area (with over-cell routing)...80000 lambda²
Details...
	inv_x2: 9
	na3_x1: 7
	na2_x1: 7
	no2_x1: 6
	no3_x1: 5
	no4_x1: 4
	a3_x2: 4
	a4_x2: 4
	sff1_x4: 3
	na4_x1: 2
	oa2ao222_x2: 1
	o4_x2: 1
	noa22_x1: 1
	o2_x2: 1
	oa22_x2: 1
	a2_x2: 1
	Total: 57
Saving delay gradient in xsch color file 'sdetj.xsc'...
End of boog...

