
                   @@@@@@                          @@@    @@@
                     @@                             @@     @ 
                     @@                             @@@    @ 
                     @@           @@@       @@@     @ @@   @ 
                     @@         @@   @@   @@   @@   @ @@   @ 
                     @@        @@     @@ @@     @@  @  @@  @ 
                     @@        @@     @@ @@     @@  @   @@ @ 
                     @@        @@     @@ @@     @@  @   @@ @ 
                     @@      @ @@     @@ @@     @@  @    @@@ 
                     @@     @   @@   @@   @@   @@   @     @@ 
                   @@@@@@@@@@     @@@       @@@    @@@    @@ 

                           Local optimization on Nets

             Alliance CAD System 5.0 20090901, loon 5.0 [2003/12/07]
             Copyright (c) 2000-2019,                 ASIM/LIP6/UPMC
             Author(s):                              François Donnet
             E-mail        :             alliance-users@asim.lip6.fr

	MBK_IN_LO	: vst
	MBK_OUT_LO	: vst
	MBK_TARGET_LIB	: /usr/lib64/alliance/cells/sxlib

Reading parameter file 'paramfile.lax'...
50% area - 50% delay optimization
Reading file 'sdetj_b.vst'...
Controlling file 'paramfile.lax'...
Reading lib '/usr/lib64/alliance/cells/sxlib'...
Capacitances on file 'sdetj_b.vst'...
Delays on file 'sdetj_b.vst'...2042 ps
Area on file 'sdetj_b.vst'...64250 lamda² (with over-cell routing)
Details...
	inv_x2: 7 (8%)
	na3_x1: 6 (11%)
	o2_x2: 5 (9%)
	na2_x1: 4 (6%)
	sff1_x4: 3 (21%)
	on12_x1: 3 (5%)
	o3_x2: 3 (7%)
	nao22_x1: 2 (4%)
	na4_x1: 1 (2%)
	no3_x1: 1 (1%)
	o4_x2: 1 (2%)
	a2_x2: 1 (1%)
	no2_x1: 1 (1%)
	ao22_x2: 1 (2%)
	xr2_x1: 1 (3%)
	oa22_x2: 1 (2%)
	no4_x1: 1 (2%)
	an12_x1: 1 (1%)
	a4_x2: 1 (2%)
	Total: 44
Worst RC on file 'sdetj_b.vst'...416 ps
Inserting buffers on critical path for file 'sdetj_b_l.vst'...None inserted
Improving RC on critical path for file 'sdetj_b_l.vst'...2042 ps
Improving all RC for file 'sdetj_b_l.vst'...
Worst RC on file 'sdetj_b_l.vst'...416 ps
Area on file 'sdetj_b_l.vst'...64250 lamda² (with over-cell routing)
Details...
	inv_x2: 7 (8%)
	na3_x1: 6 (11%)
	o2_x2: 5 (9%)
	na2_x1: 4 (6%)
	sff1_x4: 3 (21%)
	on12_x1: 3 (5%)
	o3_x2: 3 (7%)
	nao22_x1: 2 (4%)
	na4_x1: 1 (2%)
	no3_x1: 1 (1%)
	o4_x2: 1 (2%)
	a2_x2: 1 (1%)
	no2_x1: 1 (1%)
	ao22_x2: 1 (2%)
	xr2_x1: 1 (3%)
	oa22_x2: 1 (2%)
	no4_x1: 1 (2%)
	an12_x1: 1 (1%)
	a4_x2: 1 (2%)
	Total: 44
Critical path (no warranty)...2042 ps from 'dacs_cs 1' to 'dacs_cs_1_ins'
Saving file 'sdetj_b_l.vst'...
Saving delay gradient in xsch color file 'sdetj_b_l.xsc'...
End of loon...

